2016-12-14 11:49:25,690 WARN [{}] main
2016-12-14 11:51:55,518 WARN [{}] main
2016-12-14 11:54:55,548 WARN [{{userName,user}}] main
2016-12-14 11:56:06,748 WARN [{{password,user}{userName,user}}] main
2016-12-14 11:58:30,938 WARN [{}] HelloWorld
2016-12-14 12:32:06,471 WARN [{}] HelloWorld
2016-12-14 12:32:40,937 WARN [{}] HelloWorld
2016-12-14 12:35:42,695 WARN [{}] HelloWorld
2016-12-14 12:39:21,982 WARN [{}] HelloWorld
2016-12-14 12:40:16,858 WARN [{{password,user}{userName,user}}] main main main main main main main main
2016-12-14 12:44:56,139 WARN [{{password,user}{userName,user}}] main main main main main main main main
2016-12-14 12:46:59,244 WARN [{{password,user}{userName,user}}] main main main main main main main main
2016-12-14 12:49:17,907 WARN [{{password,user}{userName,user}}] main main main main main main main main
2016-12-14 12:49:35,382 WARN [{{password,user}{userName,user}}] main main main main main main main main
2016-12-14 12:50:03,391 WARN [{{password,user}{userName,user}}] main main main main main main main main
2016-12-14 12:56:43,953 WARN [{{password,user}{userName,user}}] main main main main main main main main
2016-12-14 12:57:01,707 WARN [{{password,user}{userName,user}}] main main main main main main main main
2016-12-14 12:59:12,747 WARN [{{password,user}{userName,user}}] main main main main main main main main
2016-12-14 13:00:12,367 WARN [{{password,user}{userName,user}}] main main main main main main main main
2016-12-14 13:01:46,731 WARN [{{password,user}{userName,user}}] main main main main main main main main
2016-12-14 13:22:23,315 WARN [{{password,user}{userName,user}}] main main main main main main main main
2016-12-14 13:26:06,015 WARN [{{password,user}{userName,user}}] main main main main main main main main
2016-12-14 13:26:06,019 WARN [{}] directotry main last modified 12/13/2016 20:29:32
2016-12-14 13:26:06,020 WARN [{}] directotry java last modified 12/13/2016 20:31:20
2016-12-14 13:26:06,020 WARN [{}] directotry ru last modified 12/13/2016 20:31:20
2016-12-14 13:26:06,020 WARN [{}] directotry kkiselev last modified 12/14/2016 13:26:04
2016-12-14 13:26:06,021 WARN [{}] file Class1.java last modified 12/14/2016 08:53:27
2016-12-14 13:26:06,021 WARN [{}] file Class2.java last modified 12/14/2016 08:53:27
2016-12-14 13:26:06,021 WARN [{}] file Class3.java last modified 12/14/2016 08:53:27
2016-12-14 13:26:06,022 WARN [{}] file HelloWorld.java last modified 12/14/2016 11:46:32
2016-12-14 13:26:06,022 WARN [{}] file Main.java last modified 12/14/2016 13:26:04
2016-12-14 13:26:06,023 WARN [{}] file MyAppender.java last modified 12/14/2016 13:01:44
2016-12-14 13:26:06,023 WARN [{}] directotry resources last modified 12/14/2016 13:00:11
2016-12-14 13:26:06,024 WARN [{}] file file1.txt last modified 12/14/2016 08:48:32
2016-12-14 13:26:06,024 WARN [{}] file File2.txt last modified 12/14/2016 08:48:43
2016-12-14 13:26:06,025 WARN [{}] file file3.txt last modified 12/14/2016 08:48:57
2016-12-14 13:26:06,025 WARN [{}] file log4j.properties last modified 12/14/2016 13:00:11
2016-12-14 13:26:06,029 WARN [{}] directotry test last modified 12/13/2016 20:29:52
2016-12-14 13:26:06,030 WARN [{}] directotry java last modified 12/13/2016 20:29:42
2016-12-14 13:26:06,030 WARN [{}] directotry resources last modified 12/13/2016 20:29:52
2016-12-14 13:26:42,173 WARN [{{password,user}{userName,user}}] main main main main main main main main
2016-12-14 13:26:42,181 WARN [{}] directotry main last modified 12/13/2016 20:29:32
2016-12-14 13:26:42,182 WARN [{}] directotry java last modified 12/13/2016 20:31:20
2016-12-14 13:26:42,182 WARN [{}] directotry ru last modified 12/13/2016 20:31:20
2016-12-14 13:26:42,183 WARN [{}] directotry kkiselev last modified 12/14/2016 13:26:40
2016-12-14 13:26:42,184 WARN [{}] file Class1.java last modified 12/14/2016 08:53:27
2016-12-14 13:26:42,185 WARN [{}] file Class2.java last modified 12/14/2016 08:53:27
2016-12-14 13:26:42,185 WARN [{}] file Class3.java last modified 12/14/2016 08:53:27
2016-12-14 13:26:42,186 WARN [{}] file HelloWorld.java last modified 12/14/2016 11:46:32
2016-12-14 13:26:42,186 WARN [{}] file Main.java last modified 12/14/2016 13:26:40
2016-12-14 13:26:42,187 WARN [{}] file MyAppender.java last modified 12/14/2016 13:01:44
2016-12-14 13:26:42,187 WARN [{}] directotry resources last modified 12/14/2016 13:00:11
2016-12-14 13:26:42,188 WARN [{}] file file1.txt last modified 12/14/2016 08:48:32
2016-12-14 13:26:42,188 WARN [{}] file File2.txt last modified 12/14/2016 08:48:43
2016-12-14 13:26:42,189 WARN [{}] file file3.txt last modified 12/14/2016 08:48:57
2016-12-14 13:26:42,189 WARN [{}] file log4j.properties last modified 12/14/2016 13:00:11
2016-12-14 13:26:42,192 WARN [{}] directotry test last modified 12/13/2016 20:29:52
2016-12-14 13:26:42,193 WARN [{}] directotry java last modified 12/13/2016 20:29:42
2016-12-14 13:26:42,194 WARN [{}] directotry resources last modified 12/13/2016 20:29:52
2016-12-14 13:27:26,065 WARN [{{password,user}{userName,user}}] main main main main main main main main
2016-12-14 13:27:26,070 WARN [{}] directotry main last modified 12/13/2016 20:29:32
2016-12-14 13:27:26,073 WARN [{}] directotry java last modified 12/13/2016 20:31:20
2016-12-14 13:27:26,073 WARN [{}] directotry ru last modified 12/13/2016 20:31:20
2016-12-14 13:27:26,074 WARN [{}] directotry kkiselev last modified 12/14/2016 13:27:24
2016-12-14 13:27:26,074 WARN [{}] file Class1.java last modified 12/14/2016 08:53:27
2016-12-14 13:27:26,075 WARN [{}] file Class2.java last modified 12/14/2016 08:53:27
2016-12-14 13:27:26,075 WARN [{}] file Class3.java last modified 12/14/2016 08:53:27
2016-12-14 13:27:26,076 WARN [{}] file HelloWorld.java last modified 12/14/2016 11:46:32
2016-12-14 13:27:26,076 WARN [{}] file Main.java last modified 12/14/2016 13:26:40
2016-12-14 13:27:26,076 WARN [{}] file MyAppender.java last modified 12/14/2016 13:27:24
2016-12-14 13:27:26,077 WARN [{}] directotry resources last modified 12/14/2016 13:00:11
2016-12-14 13:27:26,077 WARN [{}] file file1.txt last modified 12/14/2016 08:48:32
2016-12-14 13:27:26,078 WARN [{}] file File2.txt last modified 12/14/2016 08:48:43
2016-12-14 13:27:26,078 WARN [{}] file file3.txt last modified 12/14/2016 08:48:57
2016-12-14 13:27:26,079 WARN [{}] file log4j.properties last modified 12/14/2016 13:00:11
2016-12-14 13:27:26,083 WARN [{}] directotry test last modified 12/13/2016 20:29:52
2016-12-14 13:27:26,084 WARN [{}] directotry java last modified 12/13/2016 20:29:42
2016-12-14 13:27:26,084 WARN [{}] directotry resources last modified 12/13/2016 20:29:52
2016-12-14 13:28:08,675 WARN [{{password,user}{userName,user}}] main main main main main main main main
2016-12-14 13:28:08,681 WARN [{}] directotry main last modified 12/13/2016 20:29:32
2016-12-14 13:28:08,681 WARN [{}] directotry java last modified 12/13/2016 20:31:20
2016-12-14 13:28:08,682 WARN [{}] directotry ru last modified 12/13/2016 20:31:20
2016-12-14 13:28:08,683 WARN [{}] directotry kkiselev last modified 12/14/2016 13:28:07
2016-12-14 13:28:08,683 WARN [{}] file Class1.java last modified 12/14/2016 08:53:27
2016-12-14 13:28:08,684 WARN [{}] file Class2.java last modified 12/14/2016 08:53:27
2016-12-14 13:28:08,684 WARN [{}] file Class3.java last modified 12/14/2016 08:53:27
2016-12-14 13:28:08,685 WARN [{}] file HelloWorld.java last modified 12/14/2016 11:46:32
2016-12-14 13:28:08,685 WARN [{}] file Main.java last modified 12/14/2016 13:28:07
2016-12-14 13:28:08,686 WARN [{}] file MyAppender.java last modified 12/14/2016 13:28:07
2016-12-14 13:28:08,686 WARN [{}] directotry resources last modified 12/14/2016 13:00:11
2016-12-14 13:28:08,687 WARN [{}] file file1.txt last modified 12/14/2016 08:48:32
2016-12-14 13:28:08,688 WARN [{}] file File2.txt last modified 12/14/2016 08:48:43
2016-12-14 13:28:08,689 WARN [{}] file file3.txt last modified 12/14/2016 08:48:57
2016-12-14 13:28:08,690 WARN [{}] file log4j.properties last modified 12/14/2016 13:00:11
2016-12-14 13:28:08,695 WARN [{}] directotry test last modified 12/13/2016 20:29:52
2016-12-14 13:28:08,696 WARN [{}] directotry java last modified 12/13/2016 20:29:42
2016-12-14 13:28:08,697 WARN [{}] directotry resources last modified 12/13/2016 20:29:52
2016-12-14 13:31:04,043 WARN [{{password,user}{userName,user}}] main main main main main main main main
2016-12-14 13:31:04,048 WARN [{}] directotry main last modified 12/13/2016 20:29:32
2016-12-14 13:31:04,049 WARN [{}] directotry java last modified 12/13/2016 20:31:20
2016-12-14 13:31:04,050 WARN [{}] directotry ru last modified 12/13/2016 20:31:20
2016-12-14 13:31:04,050 WARN [{}] directotry kkiselev last modified 12/14/2016 13:28:07
2016-12-14 13:31:04,051 WARN [{}] file Class1.java last modified 12/14/2016 08:53:27
2016-12-14 13:31:04,052 WARN [{}] file Class2.java last modified 12/14/2016 08:53:27
2016-12-14 13:31:04,057 WARN [{}] file Class3.java last modified 12/14/2016 08:53:27
2016-12-14 13:31:04,059 WARN [{}] file HelloWorld.java last modified 12/14/2016 11:46:32
2016-12-14 13:31:04,068 WARN [{}] file Main.java last modified 12/14/2016 13:28:07
2016-12-14 13:31:04,069 WARN [{}] file MyAppender.java last modified 12/14/2016 13:28:07
2016-12-14 13:31:04,070 WARN [{}] directotry resources last modified 12/14/2016 13:00:11
2016-12-14 13:31:04,070 WARN [{}] file file1.txt last modified 12/14/2016 08:48:32
2016-12-14 13:31:04,072 WARN [{}] file File2.txt last modified 12/14/2016 08:48:43
2016-12-14 13:31:04,076 WARN [{}] file file3.txt last modified 12/14/2016 08:48:57
2016-12-14 13:31:04,076 WARN [{}] file log4j.properties last modified 12/14/2016 13:00:11
2016-12-14 13:31:04,083 WARN [{}] directotry test last modified 12/13/2016 20:29:52
2016-12-14 13:31:04,083 WARN [{}] directotry java last modified 12/13/2016 20:29:42
2016-12-14 13:31:04,084 WARN [{}] directotry resources last modified 12/13/2016 20:29:52
2016-12-14 13:32:12,307 WARN [{{password,user}{userName,user}}] main main main main main main main main
2016-12-14 13:32:12,314 WARN [{}] directotry main last modified 12/13/2016 20:29:32
2016-12-14 13:32:12,315 WARN [{}] directotry java last modified 12/13/2016 20:31:20
2016-12-14 13:32:12,316 WARN [{}] directotry ru last modified 12/13/2016 20:31:20
2016-12-14 13:32:12,316 WARN [{}] directotry kkiselev last modified 12/14/2016 13:28:07
2016-12-14 13:32:12,317 WARN [{}] file Class1.java last modified 12/14/2016 08:53:27
2016-12-14 13:32:12,318 WARN [{}] file Class2.java last modified 12/14/2016 08:53:27
2016-12-14 13:32:12,318 WARN [{}] file Class3.java last modified 12/14/2016 08:53:27
2016-12-14 13:32:12,319 WARN [{}] file HelloWorld.java last modified 12/14/2016 11:46:32
2016-12-14 13:32:12,319 WARN [{}] file Main.java last modified 12/14/2016 13:28:07
2016-12-14 13:32:12,320 WARN [{}] file MyAppender.java last modified 12/14/2016 13:28:07
2016-12-14 13:32:12,320 WARN [{}] directotry resources last modified 12/14/2016 13:32:11
2016-12-14 13:32:12,321 WARN [{}] file file1.txt last modified 12/14/2016 08:48:32
2016-12-14 13:32:12,321 WARN [{}] file File2.txt last modified 12/14/2016 08:48:43
2016-12-14 13:32:12,322 WARN [{}] file file3.txt last modified 12/14/2016 08:48:57
2016-12-14 13:32:12,322 WARN [{}] file log4j.properties last modified 12/14/2016 13:32:11
2016-12-14 13:32:12,325 WARN [{}] directotry test last modified 12/13/2016 20:29:52
2016-12-14 13:32:12,325 WARN [{}] directotry java last modified 12/13/2016 20:29:42
2016-12-14 13:32:12,326 WARN [{}] directotry resources last modified 12/13/2016 20:29:52
2016-12-14 13:35:58,492 WARN [{{password,user}{userName,user}}] main main main main main main main main
2016-12-14 13:35:58,497 WARN [{}] directotry main last modified 12/13/2016 20:29:32
2016-12-14 13:35:58,498 WARN [{}] directotry java last modified 12/13/2016 20:31:20
2016-12-14 13:35:58,499 WARN [{}] directotry ru last modified 12/13/2016 20:31:20
2016-12-14 13:35:58,499 WARN [{}] directotry kkiselev last modified 12/14/2016 13:35:56
2016-12-14 13:35:58,500 WARN [{}] file Class1.java last modified 12/14/2016 08:53:27
2016-12-14 13:35:58,500 WARN [{}] file Class2.java last modified 12/14/2016 08:53:27
2016-12-14 13:35:58,501 WARN [{}] file Class3.java last modified 12/14/2016 08:53:27
2016-12-14 13:35:58,501 WARN [{}] file HelloWorld.java last modified 12/14/2016 11:46:32
2016-12-14 13:35:58,501 WARN [{}] file Main.java last modified 12/14/2016 13:28:07
2016-12-14 13:35:58,502 WARN [{}] file MyAppender.java last modified 12/14/2016 13:35:56
2016-12-14 13:35:58,502 WARN [{}] directotry resources last modified 12/14/2016 13:32:11
2016-12-14 13:35:58,503 WARN [{}] file file1.txt last modified 12/14/2016 08:48:32
2016-12-14 13:35:58,503 WARN [{}] file File2.txt last modified 12/14/2016 08:48:43
2016-12-14 13:35:58,503 WARN [{}] file file3.txt last modified 12/14/2016 08:48:57
2016-12-14 13:35:58,504 WARN [{}] file log4j.properties last modified 12/14/2016 13:32:11
2016-12-14 13:35:58,507 WARN [{}] directotry test last modified 12/13/2016 20:29:52
2016-12-14 13:35:58,507 WARN [{}] directotry java last modified 12/13/2016 20:29:42
2016-12-14 13:35:58,508 WARN [{}] directotry resources last modified 12/13/2016 20:29:52
2016-12-14 13:36:31,811 WARN [{{password,user}{userName,user}}] main main main main main main main main
2016-12-14 13:36:31,815 WARN [{}] directotry main last modified 12/13/2016 20:29:32
2016-12-14 13:36:31,815 WARN [{}] directotry java last modified 12/13/2016 20:31:20
2016-12-14 13:36:31,816 WARN [{}] directotry ru last modified 12/13/2016 20:31:20
2016-12-14 13:36:31,816 WARN [{}] directotry kkiselev last modified 12/14/2016 13:35:56
2016-12-14 13:36:31,817 WARN [{}] file Class1.java last modified 12/14/2016 08:53:27
2016-12-14 13:36:31,817 WARN [{}] file Class2.java last modified 12/14/2016 08:53:27
2016-12-14 13:36:31,818 WARN [{}] file Class3.java last modified 12/14/2016 08:53:27
2016-12-14 13:36:31,818 WARN [{}] file HelloWorld.java last modified 12/14/2016 11:46:32
2016-12-14 13:36:31,819 WARN [{}] file Main.java last modified 12/14/2016 13:28:07
2016-12-14 13:36:31,819 WARN [{}] file MyAppender.java last modified 12/14/2016 13:35:56
2016-12-14 13:36:31,819 WARN [{}] directotry resources last modified 12/14/2016 13:36:31
2016-12-14 13:36:31,820 WARN [{}] file file1.txt last modified 12/14/2016 08:48:32
2016-12-14 13:36:31,820 WARN [{}] file File2.txt last modified 12/14/2016 08:48:43
2016-12-14 13:36:31,821 WARN [{}] file file3.txt last modified 12/14/2016 08:48:57
2016-12-14 13:36:31,822 WARN [{}] file log4j.properties last modified 12/14/2016 13:36:31
2016-12-14 13:36:31,826 WARN [{}] directotry test last modified 12/13/2016 20:29:52
2016-12-14 13:36:31,827 WARN [{}] directotry java last modified 12/13/2016 20:29:42
2016-12-14 13:36:31,828 WARN [{}] directotry resources last modified 12/13/2016 20:29:52
2016-12-14 13:37:09,255 WARN [{{password,user}{userName,user}}] main main main main main main main main
2016-12-14 13:37:09,260 WARN [{}] directotry main last modified 12/13/2016 20:29:32
2016-12-14 13:37:09,261 WARN [{}] directotry java last modified 12/13/2016 20:31:20
2016-12-14 13:37:09,263 WARN [{}] directotry ru last modified 12/13/2016 20:31:20
2016-12-14 13:37:09,264 WARN [{}] directotry kkiselev last modified 12/14/2016 13:35:56
2016-12-14 13:37:09,265 WARN [{}] file Class1.java last modified 12/14/2016 08:53:27
2016-12-14 13:37:09,265 WARN [{}] file Class2.java last modified 12/14/2016 08:53:27
2016-12-14 13:37:09,266 WARN [{}] file Class3.java last modified 12/14/2016 08:53:27
2016-12-14 13:37:09,266 WARN [{}] file HelloWorld.java last modified 12/14/2016 11:46:32
2016-12-14 13:37:09,267 WARN [{}] file Main.java last modified 12/14/2016 13:28:07
2016-12-14 13:37:09,267 WARN [{}] file MyAppender.java last modified 12/14/2016 13:35:56
2016-12-14 13:37:09,268 WARN [{}] directotry resources last modified 12/14/2016 13:37:08
2016-12-14 13:37:09,268 WARN [{}] file file1.txt last modified 12/14/2016 08:48:32
2016-12-14 13:37:09,269 WARN [{}] file File2.txt last modified 12/14/2016 08:48:43
2016-12-14 13:37:09,269 WARN [{}] file file3.txt last modified 12/14/2016 08:48:57
2016-12-14 13:37:09,270 WARN [{}] file log4j.properties last modified 12/14/2016 13:37:08
2016-12-14 13:37:09,273 WARN [{}] directotry test last modified 12/13/2016 20:29:52
2016-12-14 13:37:09,274 WARN [{}] directotry java last modified 12/13/2016 20:29:42
2016-12-14 13:37:09,274 WARN [{}] directotry resources last modified 12/13/2016 20:29:52
2016-12-14 18:05:58,379 WARN [{{password,user}{userName,user}}] main main main main main main main main
2016-12-14 18:05:58,385 WARN [{}] directotry main last modified 12/13/2016 20:29:32
2016-12-14 18:05:58,386 WARN [{}] directotry java last modified 12/13/2016 20:31:20
2016-12-14 18:05:58,387 WARN [{}] directotry ru last modified 12/13/2016 20:31:20
2016-12-14 18:05:58,387 WARN [{}] directotry kkiselev last modified 12/14/2016 18:05:56
2016-12-14 18:05:58,388 WARN [{}] file Class1.java last modified 12/14/2016 08:53:27
2016-12-14 18:05:58,388 WARN [{}] file Class2.java last modified 12/14/2016 08:53:27
2016-12-14 18:05:58,388 WARN [{}] file Class3.java last modified 12/14/2016 08:53:27
2016-12-14 18:05:58,389 WARN [{}] file HelloWorld.java last modified 12/14/2016 11:46:32
2016-12-14 18:05:58,389 WARN [{}] file Main.java last modified 12/14/2016 13:28:07
2016-12-14 18:05:58,390 WARN [{}] file MyAppender.java last modified 12/14/2016 18:05:56
2016-12-14 18:05:58,390 WARN [{}] directotry resources last modified 12/14/2016 13:37:08
2016-12-14 18:05:58,391 WARN [{}] file file1.txt last modified 12/14/2016 08:48:32
2016-12-14 18:05:58,391 WARN [{}] file File2.txt last modified 12/14/2016 08:48:43
2016-12-14 18:05:58,392 WARN [{}] file file3.txt last modified 12/14/2016 08:48:57
2016-12-14 18:05:58,392 WARN [{}] file log4j.properties last modified 12/14/2016 13:37:08
2016-12-14 18:05:58,395 WARN [{}] directotry test last modified 12/13/2016 20:29:52
2016-12-14 18:05:58,395 WARN [{}] directotry java last modified 12/13/2016 20:29:42
2016-12-14 18:05:58,396 WARN [{}] directotry resources last modified 12/13/2016 20:29:52
2016-12-14 18:23:58,141 WARN [{{password,user}{userName,user}}] main main main main main main main main
2016-12-14 18:23:58,145 WARN [{}] directotry main last modified 12/13/2016 20:29:32
2016-12-14 18:23:58,146 WARN [{}] directotry java last modified 12/14/2016 18:23:49
2016-12-14 18:23:58,147 WARN [{}] directotry concurrent_counter last modified 12/14/2016 18:23:55
2016-12-14 18:23:58,147 WARN [{}] file CaseGenerator.java last modified 12/14/2016 18:13:23
2016-12-14 18:23:58,148 WARN [{}] file Main.java last modified 12/14/2016 18:13:23
2016-12-14 18:23:58,149 WARN [{}] file ReaderThread.java last modified 12/14/2016 18:23:55
2016-12-14 18:23:58,149 WARN [{}] directotry ru last modified 12/13/2016 20:31:20
2016-12-14 18:23:58,150 WARN [{}] directotry kkiselev last modified 12/14/2016 18:05:56
2016-12-14 18:23:58,151 WARN [{}] file Class1.java last modified 12/14/2016 08:53:27
2016-12-14 18:23:58,153 WARN [{}] file Class2.java last modified 12/14/2016 08:53:27
2016-12-14 18:23:58,153 WARN [{}] file Class3.java last modified 12/14/2016 08:53:27
2016-12-14 18:23:58,154 WARN [{}] file HelloWorld.java last modified 12/14/2016 11:46:32
2016-12-14 18:23:58,154 WARN [{}] file Main.java last modified 12/14/2016 13:28:07
2016-12-14 18:23:58,155 WARN [{}] file MyAppender.java last modified 12/14/2016 18:05:56
2016-12-14 18:23:58,155 WARN [{}] directotry resources last modified 12/14/2016 13:37:08
2016-12-14 18:23:58,158 WARN [{}] file file1.txt last modified 12/14/2016 08:48:32
2016-12-14 18:23:58,159 WARN [{}] file File2.txt last modified 12/14/2016 08:48:43
2016-12-14 18:23:58,160 WARN [{}] file file3.txt last modified 12/14/2016 08:48:57
2016-12-14 18:23:58,160 WARN [{}] file log4j.properties last modified 12/14/2016 13:37:08
2016-12-14 18:23:58,160 WARN [{}] directotry test last modified 12/13/2016 20:29:52
2016-12-14 18:23:58,161 WARN [{}] directotry java last modified 12/13/2016 20:29:42
2016-12-14 18:23:58,161 WARN [{}] directotry resources last modified 12/13/2016 20:29:52
